<?xml version="1.0" encoding="UTF-8"?>
<testsuite name="com.bridgelabz.MoodAnalyserTest" tests="1" skipped="0" failures="0" errors="0" timestamp="2021-05-31T06:19:31" hostname="SHWETA29" time="0.102">
  <properties/>
  <testcase name="testMoodAnalysis" classname="com.bridgelabz.MoodAnalyserTest" time="0.102"/>
  <system-out><![CDATA[]]></system-out>
  <system-err><![CDATA[]]></system-err>
</testsuite>
